2023-Dec-02 21:54:14 PM [main] INFO  com.assignmentdemo.webdriver.WebDriverfactory - Setting up for browser path is completed
2023-Dec-02 21:54:14 PM [main] INFO  com.assignmentdemo.webdriver.WebDriverfactory - Setting up chrome binary completed
2023-Dec-02 21:54:17 PM [main] INFO  com.assignmentdemo.webdriver.WebDriverfactory - Chrome Browser invoked
2023-Dec-02 21:54:17 PM [main] INFO  com.assignmentdemo.webdriver.WebDriverfactory - Driver maximized and implicit time out set to 20 seconds
2023-Dec-02 21:54:36 PM [main] INFO  com.assignmentdemo.webdriver.WebDriverfactory - Browser navigated to the url: https://automationexercise.com/
2023-Dec-02 21:54:36 PM [main] INFO  com.assignmentdemo.webdriver.WebDriverfactory - Driver closed
2023-Dec-02 21:54:36 PM [main] INFO  com.assignmentdemo.stepdefs.StepDefs - Browser got closed
2023-Dec-02 21:54:36 PM [main] INFO  com.assignmentdemo.webdriver.WebDriverfactory - Setting up for browser path is completed
2023-Dec-02 21:54:36 PM [main] INFO  com.assignmentdemo.webdriver.WebDriverfactory - Setting up chrome binary completed
2023-Dec-02 21:54:38 PM [main] INFO  com.assignmentdemo.webdriver.WebDriverfactory - Chrome Browser invoked
2023-Dec-02 21:54:38 PM [main] INFO  com.assignmentdemo.webdriver.WebDriverfactory - Driver maximized and implicit time out set to 20 seconds
2023-Dec-02 21:54:55 PM [main] INFO  com.assignmentdemo.webdriver.WebDriverfactory - Browser navigated to the url: https://automationexercise.com/
2023-Dec-02 21:54:55 PM [main] INFO  com.assignmentdemo.webdriver.WebDriverfactory - Driver closed
2023-Dec-02 21:54:55 PM [main] INFO  com.assignmentdemo.stepdefs.StepDefs - Browser got closed
2023-Dec-02 21:54:56 PM [main] INFO  com.assignmentdemo.webdriver.WebDriverfactory - Setting up for browser path is completed
2023-Dec-02 21:54:56 PM [main] INFO  com.assignmentdemo.webdriver.WebDriverfactory - Setting up chrome binary completed
2023-Dec-02 21:54:57 PM [main] INFO  com.assignmentdemo.webdriver.WebDriverfactory - Chrome Browser invoked
2023-Dec-02 21:54:57 PM [main] INFO  com.assignmentdemo.webdriver.WebDriverfactory - Driver maximized and implicit time out set to 20 seconds
2023-Dec-02 21:55:08 PM [main] INFO  com.assignmentdemo.webdriver.WebDriverfactory - Browser navigated to the url: https://automationexercise.com/
2023-Dec-02 21:55:08 PM [main] INFO  com.assignmentdemo.webdriver.WebDriverfactory - Driver closed
2023-Dec-02 21:55:08 PM [main] INFO  com.assignmentdemo.stepdefs.StepDefs - Browser got closed
2023-Dec-02 21:55:08 PM [main] INFO  com.assignmentdemo.webdriver.WebDriverfactory - Setting up for browser path is completed
2023-Dec-02 21:55:08 PM [main] INFO  com.assignmentdemo.webdriver.WebDriverfactory - Setting up chrome binary completed
2023-Dec-02 21:55:10 PM [main] INFO  com.assignmentdemo.webdriver.WebDriverfactory - Chrome Browser invoked
2023-Dec-02 21:55:10 PM [main] INFO  com.assignmentdemo.webdriver.WebDriverfactory - Driver maximized and implicit time out set to 20 seconds
2023-Dec-02 21:55:23 PM [main] INFO  com.assignmentdemo.webdriver.WebDriverfactory - Browser navigated to the url: https://automationexercise.com/
2023-Dec-02 21:55:24 PM [main] INFO  com.assignmentdemo.webdriver.WebDriverfactory - Driver closed
2023-Dec-02 21:55:24 PM [main] INFO  com.assignmentdemo.stepdefs.StepDefs - Browser got closed
2023-Dec-02 21:55:24 PM [main] INFO  com.assignmentdemo.webdriver.WebDriverfactory - Setting up for browser path is completed
2023-Dec-02 21:55:24 PM [main] INFO  com.assignmentdemo.webdriver.WebDriverfactory - Setting up chrome binary completed
2023-Dec-02 21:55:26 PM [main] INFO  com.assignmentdemo.webdriver.WebDriverfactory - Chrome Browser invoked
2023-Dec-02 21:55:26 PM [main] INFO  com.assignmentdemo.webdriver.WebDriverfactory - Driver maximized and implicit time out set to 20 seconds
2023-Dec-02 21:55:38 PM [main] INFO  com.assignmentdemo.webdriver.WebDriverfactory - Browser navigated to the url: https://automationexercise.com/
2023-Dec-02 21:55:39 PM [main] INFO  com.assignmentdemo.webdriver.WebDriverfactory - Driver closed
2023-Dec-02 21:55:39 PM [main] INFO  com.assignmentdemo.stepdefs.StepDefs - Browser got closed
2023-Dec-02 21:55:39 PM [main] INFO  com.assignmentdemo.webdriver.WebDriverfactory - Setting up for browser path is completed
2023-Dec-02 21:55:39 PM [main] INFO  com.assignmentdemo.webdriver.WebDriverfactory - Setting up chrome binary completed
2023-Dec-02 21:55:41 PM [main] INFO  com.assignmentdemo.webdriver.WebDriverfactory - Chrome Browser invoked
2023-Dec-02 21:55:41 PM [main] INFO  com.assignmentdemo.webdriver.WebDriverfactory - Driver maximized and implicit time out set to 20 seconds
2023-Dec-02 21:59:58 PM [main] INFO  com.assignmentdemo.webdriver.WebDriverfactory - Browser navigated to the url: https://automationexercise.com/
2023-Dec-02 21:59:59 PM [main] INFO  com.assignmentdemo.webdriver.WebDriverfactory - Driver closed
2023-Dec-02 21:59:59 PM [main] INFO  com.assignmentdemo.stepdefs.StepDefs - Browser got closed
2023-Dec-02 21:59:59 PM [main] INFO  com.assignmentdemo.webdriver.WebDriverfactory - Setting up for browser path is completed
2023-Dec-02 21:59:59 PM [main] INFO  com.assignmentdemo.webdriver.WebDriverfactory - Setting up chrome binary completed
2023-Dec-02 22:00:00 PM [main] INFO  com.assignmentdemo.webdriver.WebDriverfactory - Chrome Browser invoked
2023-Dec-02 22:00:00 PM [main] INFO  com.assignmentdemo.webdriver.WebDriverfactory - Driver maximized and implicit time out set to 20 seconds
2023-Dec-02 22:00:43 PM [main] INFO  com.assignmentdemo.webdriver.WebDriverfactory - Browser navigated to the url: https://automationexercise.com/
2023-Dec-02 22:00:43 PM [main] INFO  com.assignmentdemo.webdriver.WebDriverfactory - Driver closed
2023-Dec-02 22:00:43 PM [main] INFO  com.assignmentdemo.stepdefs.StepDefs - Browser got closed
2023-Dec-02 22:00:44 PM [main] INFO  com.assignmentdemo.webdriver.WebDriverfactory - Setting up for browser path is completed
2023-Dec-02 22:00:44 PM [main] INFO  com.assignmentdemo.webdriver.WebDriverfactory - Setting up chrome binary completed
2023-Dec-02 22:00:45 PM [main] INFO  com.assignmentdemo.webdriver.WebDriverfactory - Chrome Browser invoked
2023-Dec-02 22:00:45 PM [main] INFO  com.assignmentdemo.webdriver.WebDriverfactory - Driver maximized and implicit time out set to 20 seconds
2023-Dec-02 22:04:56 PM [main] INFO  com.assignmentdemo.webdriver.WebDriverfactory - Browser navigated to the url: https://automationexercise.com/
2023-Dec-02 22:04:56 PM [main] INFO  com.assignmentdemo.webdriver.WebDriverfactory - Driver closed
2023-Dec-02 22:04:56 PM [main] INFO  com.assignmentdemo.stepdefs.StepDefs - Browser got closed
2023-Dec-02 22:04:56 PM [main] INFO  com.assignmentdemo.webdriver.WebDriverfactory - Setting up for browser path is completed
2023-Dec-02 22:04:56 PM [main] INFO  com.assignmentdemo.webdriver.WebDriverfactory - Setting up chrome binary completed
2023-Dec-02 22:04:58 PM [main] INFO  com.assignmentdemo.webdriver.WebDriverfactory - Chrome Browser invoked
2023-Dec-02 22:04:58 PM [main] INFO  com.assignmentdemo.webdriver.WebDriverfactory - Driver maximized and implicit time out set to 20 seconds
2023-Dec-02 22:05:11 PM [main] INFO  com.assignmentdemo.webdriver.WebDriverfactory - Browser navigated to the url: https://automationexercise.com/
2023-Dec-02 22:05:12 PM [main] INFO  com.assignmentdemo.webdriver.WebDriverfactory - Driver closed
2023-Dec-02 22:05:12 PM [main] INFO  com.assignmentdemo.stepdefs.StepDefs - Browser got closed
2023-Dec-02 22:05:12 PM [main] INFO  com.assignmentdemo.webdriver.WebDriverfactory - Setting up for browser path is completed
2023-Dec-02 22:05:12 PM [main] INFO  com.assignmentdemo.webdriver.WebDriverfactory - Setting up chrome binary completed
2023-Dec-02 22:05:14 PM [main] INFO  com.assignmentdemo.webdriver.WebDriverfactory - Chrome Browser invoked
2023-Dec-02 22:05:14 PM [main] INFO  com.assignmentdemo.webdriver.WebDriverfactory - Driver maximized and implicit time out set to 20 seconds
2023-Dec-02 22:09:02 PM [main] INFO  com.assignmentdemo.webdriver.WebDriverfactory - Browser navigated to the url: https://automationexercise.com/
2023-Dec-02 22:09:06 PM [main] INFO  com.assignmentdemo.webdriver.WebDriverfactory - Driver closed
2023-Dec-02 22:09:06 PM [main] INFO  com.assignmentdemo.stepdefs.StepDefs - Browser got closed
2023-Dec-02 22:09:06 PM [main] INFO  com.assignmentdemo.webdriver.WebDriverfactory - Setting up for browser path is completed
2023-Dec-02 22:09:06 PM [main] INFO  com.assignmentdemo.webdriver.WebDriverfactory - Setting up chrome binary completed
2023-Dec-02 22:09:08 PM [main] INFO  com.assignmentdemo.webdriver.WebDriverfactory - Chrome Browser invoked
2023-Dec-02 22:09:08 PM [main] INFO  com.assignmentdemo.webdriver.WebDriverfactory - Driver maximized and implicit time out set to 20 seconds
2023-Dec-02 22:09:21 PM [main] INFO  com.assignmentdemo.webdriver.WebDriverfactory - Browser navigated to the url: https://automationexercise.com/
2023-Dec-02 22:09:25 PM [main] INFO  com.assignmentdemo.webdriver.WebDriverfactory - Driver closed
2023-Dec-02 22:09:25 PM [main] INFO  com.assignmentdemo.stepdefs.StepDefs - Browser got closed
2023-Dec-02 22:09:25 PM [main] INFO  com.assignmentdemo.webdriver.WebDriverfactory - Setting up for browser path is completed
2023-Dec-02 22:09:25 PM [main] INFO  com.assignmentdemo.webdriver.WebDriverfactory - Setting up chrome binary completed
2023-Dec-02 22:09:26 PM [main] INFO  com.assignmentdemo.webdriver.WebDriverfactory - Chrome Browser invoked
2023-Dec-02 22:09:26 PM [main] INFO  com.assignmentdemo.webdriver.WebDriverfactory - Driver maximized and implicit time out set to 20 seconds
2023-Dec-02 22:12:28 PM [main] INFO  com.assignmentdemo.webdriver.WebDriverfactory - Browser navigated to the url: https://automationexercise.com/
2023-Dec-02 22:15:33 PM [main] INFO  com.assignmentdemo.webdriver.WebDriverfactory - Driver closed
2023-Dec-02 22:15:33 PM [main] INFO  com.assignmentdemo.stepdefs.StepDefs - Browser got closed
2023-Dec-02 22:15:33 PM [main] INFO  com.assignmentdemo.webdriver.WebDriverfactory - Setting up for browser path is completed
2023-Dec-02 22:15:33 PM [main] INFO  com.assignmentdemo.webdriver.WebDriverfactory - Setting up chrome binary completed
2023-Dec-02 22:15:35 PM [main] INFO  com.assignmentdemo.webdriver.WebDriverfactory - Chrome Browser invoked
2023-Dec-02 22:15:35 PM [main] INFO  com.assignmentdemo.webdriver.WebDriverfactory - Driver maximized and implicit time out set to 20 seconds
2023-Dec-02 22:16:05 PM [main] INFO  com.assignmentdemo.webdriver.WebDriverfactory - Browser navigated to the url: https://automationexercise.com/
2023-Dec-02 22:16:29 PM [main] INFO  com.assignmentdemo.webdriver.WebDriverfactory - Driver closed
2023-Dec-02 22:16:29 PM [main] INFO  com.assignmentdemo.stepdefs.StepDefs - Browser got closed
2023-Dec-02 22:16:29 PM [main] INFO  com.assignmentdemo.webdriver.WebDriverfactory - Setting up for browser path is completed
2023-Dec-02 22:16:29 PM [main] INFO  com.assignmentdemo.webdriver.WebDriverfactory - Setting up chrome binary completed
2023-Dec-02 22:16:30 PM [main] INFO  com.assignmentdemo.webdriver.WebDriverfactory - Chrome Browser invoked
2023-Dec-02 22:16:31 PM [main] INFO  com.assignmentdemo.webdriver.WebDriverfactory - Driver maximized and implicit time out set to 20 seconds
2023-Dec-02 22:16:41 PM [main] INFO  com.assignmentdemo.webdriver.WebDriverfactory - Browser navigated to the url: https://automationexercise.com/
2023-Dec-02 22:16:58 PM [main] INFO  com.assignmentdemo.webdriver.WebDriverfactory - Driver closed
2023-Dec-02 22:16:58 PM [main] INFO  com.assignmentdemo.stepdefs.StepDefs - Browser got closed
