2023-Dec-02 19:59:49 PM [main] INFO  com.assignmentdemo.webdriver.WebDriverfactory - Setting up for browser path is completed
2023-Dec-02 19:59:49 PM [main] INFO  com.assignmentdemo.webdriver.WebDriverfactory - Setting up chrome binary completed
2023-Dec-02 19:59:55 PM [main] INFO  com.assignmentdemo.webdriver.WebDriverfactory - Chrome Browser invoked
2023-Dec-02 19:59:55 PM [main] INFO  com.assignmentdemo.webdriver.WebDriverfactory - Driver maximized and implicit time out set to 20 seconds
2023-Dec-02 20:00:49 PM [main] INFO  com.assignmentdemo.webdriver.WebDriverfactory - Browser navigated to the url: https://automationexercise.com/
2023-Dec-02 20:00:54 PM [main] INFO  com.assignmentdemo.webdriver.WebDriverfactory - Driver closed
2023-Dec-02 20:00:54 PM [main] INFO  com.assignmentdemo.stepdefs.StepDefs - Browser got closed
2023-Dec-02 20:00:54 PM [main] INFO  com.assignmentdemo.webdriver.WebDriverfactory - Setting up for browser path is completed
2023-Dec-02 20:00:54 PM [main] INFO  com.assignmentdemo.webdriver.WebDriverfactory - Setting up chrome binary completed
2023-Dec-02 20:00:55 PM [main] INFO  com.assignmentdemo.webdriver.WebDriverfactory - Chrome Browser invoked
2023-Dec-02 20:00:55 PM [main] INFO  com.assignmentdemo.webdriver.WebDriverfactory - Driver maximized and implicit time out set to 20 seconds
2023-Dec-02 20:01:24 PM [main] INFO  com.assignmentdemo.webdriver.WebDriverfactory - Browser navigated to the url: https://automationexercise.com/
2023-Dec-02 20:01:28 PM [main] INFO  com.assignmentdemo.webdriver.WebDriverfactory - Driver closed
2023-Dec-02 20:01:28 PM [main] INFO  com.assignmentdemo.stepdefs.StepDefs - Browser got closed
2023-Dec-02 20:01:28 PM [main] INFO  com.assignmentdemo.webdriver.WebDriverfactory - Setting up for browser path is completed
2023-Dec-02 20:01:28 PM [main] INFO  com.assignmentdemo.webdriver.WebDriverfactory - Setting up chrome binary completed
2023-Dec-02 20:01:30 PM [main] INFO  com.assignmentdemo.webdriver.WebDriverfactory - Chrome Browser invoked
2023-Dec-02 20:01:30 PM [main] INFO  com.assignmentdemo.webdriver.WebDriverfactory - Driver maximized and implicit time out set to 20 seconds
2023-Dec-02 20:02:35 PM [main] INFO  com.assignmentdemo.webdriver.WebDriverfactory - Browser navigated to the url: https://automationexercise.com/
2023-Dec-02 20:02:41 PM [main] INFO  com.assignmentdemo.webdriver.WebDriverfactory - Driver closed
2023-Dec-02 20:02:41 PM [main] INFO  com.assignmentdemo.stepdefs.StepDefs - Browser got closed
