2023-Dec-01 23:21:06 PM [main] INFO  com.assignmentdemo.webdriver.WebDriverfactory - Setting up for browser path is completed
2023-Dec-01 23:21:06 PM [main] INFO  com.assignmentdemo.webdriver.WebDriverfactory - Setting up chrome binary completed
2023-Dec-01 23:21:18 PM [main] INFO  com.assignmentdemo.webdriver.WebDriverfactory - Chrome Browser invoked
2023-Dec-01 23:21:18 PM [main] INFO  com.assignmentdemo.webdriver.WebDriverfactory - Driver maximized and implicit time out set to 20 seconds
2023-Dec-01 23:21:51 PM [main] INFO  com.assignmentdemo.webdriver.WebDriverfactory - Browser navigated to the url: https://automationexercise.com/
2023-Dec-01 23:21:52 PM [main] INFO  com.assignmentdemo.webdriver.WebDriverfactory - Driver closed
2023-Dec-01 23:21:52 PM [main] INFO  com.assignmentdemo.stepdefs.StepDefs - Browser got closed
2023-Dec-01 23:21:52 PM [main] INFO  com.assignmentdemo.webdriver.WebDriverfactory - Setting up for browser path is completed
2023-Dec-01 23:21:52 PM [main] INFO  com.assignmentdemo.webdriver.WebDriverfactory - Setting up chrome binary completed
2023-Dec-01 23:21:57 PM [main] INFO  com.assignmentdemo.webdriver.WebDriverfactory - Chrome Browser invoked
2023-Dec-01 23:21:57 PM [main] INFO  com.assignmentdemo.webdriver.WebDriverfactory - Driver maximized and implicit time out set to 20 seconds
2023-Dec-01 23:22:40 PM [main] INFO  com.assignmentdemo.webdriver.WebDriverfactory - Browser navigated to the url: https://automationexercise.com/
2023-Dec-01 23:22:41 PM [main] INFO  com.assignmentdemo.webdriver.WebDriverfactory - Driver closed
2023-Dec-01 23:22:41 PM [main] INFO  com.assignmentdemo.stepdefs.StepDefs - Browser got closed
2023-Dec-01 23:22:41 PM [main] INFO  com.assignmentdemo.webdriver.WebDriverfactory - Setting up for browser path is completed
2023-Dec-01 23:22:41 PM [main] INFO  com.assignmentdemo.webdriver.WebDriverfactory - Setting up chrome binary completed
2023-Dec-01 23:22:43 PM [main] INFO  com.assignmentdemo.webdriver.WebDriverfactory - Chrome Browser invoked
2023-Dec-01 23:22:43 PM [main] INFO  com.assignmentdemo.webdriver.WebDriverfactory - Driver maximized and implicit time out set to 20 seconds
2023-Dec-01 23:26:47 PM [main] INFO  com.assignmentdemo.webdriver.WebDriverfactory - Browser navigated to the url: https://automationexercise.com/
2023-Dec-01 23:26:50 PM [main] INFO  com.assignmentdemo.webdriver.WebDriverfactory - Driver closed
2023-Dec-01 23:26:50 PM [main] INFO  com.assignmentdemo.stepdefs.StepDefs - Browser got closed
2023-Dec-01 23:26:50 PM [main] INFO  com.assignmentdemo.webdriver.WebDriverfactory - Setting up for browser path is completed
2023-Dec-01 23:26:50 PM [main] INFO  com.assignmentdemo.webdriver.WebDriverfactory - Setting up chrome binary completed
2023-Dec-01 23:26:51 PM [main] INFO  com.assignmentdemo.webdriver.WebDriverfactory - Chrome Browser invoked
2023-Dec-01 23:26:51 PM [main] INFO  com.assignmentdemo.webdriver.WebDriverfactory - Driver maximized and implicit time out set to 20 seconds
2023-Dec-01 23:27:17 PM [main] INFO  com.assignmentdemo.webdriver.WebDriverfactory - Browser navigated to the url: https://automationexercise.com/
2023-Dec-01 23:27:30 PM [main] INFO  com.assignmentdemo.webdriver.WebDriverfactory - Driver closed
2023-Dec-01 23:27:30 PM [main] INFO  com.assignmentdemo.stepdefs.StepDefs - Browser got closed
2023-Dec-01 23:27:30 PM [main] INFO  com.assignmentdemo.webdriver.WebDriverfactory - Setting up for browser path is completed
2023-Dec-01 23:27:30 PM [main] INFO  com.assignmentdemo.webdriver.WebDriverfactory - Setting up chrome binary completed
2023-Dec-01 23:27:33 PM [main] INFO  com.assignmentdemo.webdriver.WebDriverfactory - Chrome Browser invoked
2023-Dec-01 23:27:33 PM [main] INFO  com.assignmentdemo.webdriver.WebDriverfactory - Driver maximized and implicit time out set to 20 seconds
2023-Dec-01 23:27:45 PM [main] INFO  com.assignmentdemo.webdriver.WebDriverfactory - Browser navigated to the url: https://automationexercise.com/
2023-Dec-01 23:27:56 PM [main] INFO  com.assignmentdemo.webdriver.WebDriverfactory - Driver closed
2023-Dec-01 23:27:56 PM [main] INFO  com.assignmentdemo.stepdefs.StepDefs - Browser got closed
