2023-Dec-02 21:29:33 PM [main] INFO  com.assignmentdemo.webdriver.WebDriverfactory - Setting up for browser path is completed
2023-Dec-02 21:29:33 PM [main] INFO  com.assignmentdemo.webdriver.WebDriverfactory - Setting up chrome binary completed
2023-Dec-02 21:29:36 PM [main] INFO  com.assignmentdemo.webdriver.WebDriverfactory - Chrome Browser invoked
2023-Dec-02 21:29:37 PM [main] INFO  com.assignmentdemo.webdriver.WebDriverfactory - Driver maximized and implicit time out set to 20 seconds
2023-Dec-02 21:29:53 PM [main] INFO  com.assignmentdemo.webdriver.WebDriverfactory - Browser navigated to the url: https://automationexercise.com/
2023-Dec-02 21:29:54 PM [main] INFO  com.assignmentdemo.webdriver.WebDriverfactory - Driver closed
2023-Dec-02 21:29:54 PM [main] INFO  com.assignmentdemo.stepdefs.StepDefs - Browser got closed
2023-Dec-02 21:29:54 PM [main] INFO  com.assignmentdemo.webdriver.WebDriverfactory - Setting up for browser path is completed
2023-Dec-02 21:29:54 PM [main] INFO  com.assignmentdemo.webdriver.WebDriverfactory - Setting up chrome binary completed
2023-Dec-02 21:29:56 PM [main] INFO  com.assignmentdemo.webdriver.WebDriverfactory - Chrome Browser invoked
2023-Dec-02 21:29:56 PM [main] INFO  com.assignmentdemo.webdriver.WebDriverfactory - Driver maximized and implicit time out set to 20 seconds
2023-Dec-02 21:30:39 PM [main] INFO  com.assignmentdemo.webdriver.WebDriverfactory - Browser navigated to the url: https://automationexercise.com/
2023-Dec-02 21:30:39 PM [main] INFO  com.assignmentdemo.webdriver.WebDriverfactory - Driver closed
2023-Dec-02 21:30:39 PM [main] INFO  com.assignmentdemo.stepdefs.StepDefs - Browser got closed
2023-Dec-02 21:30:39 PM [main] INFO  com.assignmentdemo.webdriver.WebDriverfactory - Setting up for browser path is completed
2023-Dec-02 21:30:39 PM [main] INFO  com.assignmentdemo.webdriver.WebDriverfactory - Setting up chrome binary completed
2023-Dec-02 21:30:41 PM [main] INFO  com.assignmentdemo.webdriver.WebDriverfactory - Chrome Browser invoked
2023-Dec-02 21:30:42 PM [main] INFO  com.assignmentdemo.webdriver.WebDriverfactory - Driver maximized and implicit time out set to 20 seconds
2023-Dec-02 21:31:41 PM [main] INFO  com.assignmentdemo.webdriver.WebDriverfactory - Browser navigated to the url: https://automationexercise.com/
2023-Dec-02 21:31:41 PM [main] INFO  com.assignmentdemo.webdriver.WebDriverfactory - Driver closed
2023-Dec-02 21:31:41 PM [main] INFO  com.assignmentdemo.stepdefs.StepDefs - Browser got closed
2023-Dec-02 21:31:41 PM [main] INFO  com.assignmentdemo.webdriver.WebDriverfactory - Setting up for browser path is completed
2023-Dec-02 21:31:41 PM [main] INFO  com.assignmentdemo.webdriver.WebDriverfactory - Setting up chrome binary completed
2023-Dec-02 21:31:43 PM [main] INFO  com.assignmentdemo.webdriver.WebDriverfactory - Chrome Browser invoked
2023-Dec-02 21:31:43 PM [main] INFO  com.assignmentdemo.webdriver.WebDriverfactory - Driver maximized and implicit time out set to 20 seconds
2023-Dec-02 21:31:45 PM [main] INFO  com.assignmentdemo.webdriver.WebDriverfactory - Setting up for browser path is completed
2023-Dec-02 21:31:45 PM [main] INFO  com.assignmentdemo.webdriver.WebDriverfactory - Setting up chrome binary completed
2023-Dec-02 21:31:47 PM [main] INFO  com.assignmentdemo.webdriver.WebDriverfactory - Chrome Browser invoked
2023-Dec-02 21:31:47 PM [main] INFO  com.assignmentdemo.webdriver.WebDriverfactory - Driver maximized and implicit time out set to 20 seconds
2023-Dec-02 21:31:50 PM [main] INFO  com.assignmentdemo.webdriver.WebDriverfactory - Setting up for browser path is completed
2023-Dec-02 21:31:50 PM [main] INFO  com.assignmentdemo.webdriver.WebDriverfactory - Setting up chrome binary completed
2023-Dec-02 21:31:51 PM [main] INFO  com.assignmentdemo.webdriver.WebDriverfactory - Chrome Browser invoked
2023-Dec-02 21:31:51 PM [main] INFO  com.assignmentdemo.webdriver.WebDriverfactory - Driver maximized and implicit time out set to 20 seconds
2023-Dec-02 21:31:53 PM [main] INFO  com.assignmentdemo.webdriver.WebDriverfactory - Setting up for browser path is completed
2023-Dec-02 21:31:53 PM [main] INFO  com.assignmentdemo.webdriver.WebDriverfactory - Setting up chrome binary completed
2023-Dec-02 21:31:55 PM [main] INFO  com.assignmentdemo.webdriver.WebDriverfactory - Chrome Browser invoked
2023-Dec-02 21:31:55 PM [main] INFO  com.assignmentdemo.webdriver.WebDriverfactory - Driver maximized and implicit time out set to 20 seconds
2023-Dec-02 21:31:57 PM [main] INFO  com.assignmentdemo.webdriver.WebDriverfactory - Driver closed
2023-Dec-02 21:31:57 PM [main] INFO  com.assignmentdemo.stepdefs.StepDefs - Browser got closed
2023-Dec-02 21:31:57 PM [main] INFO  com.assignmentdemo.webdriver.WebDriverfactory - Setting up for browser path is completed
2023-Dec-02 21:31:57 PM [main] INFO  com.assignmentdemo.webdriver.WebDriverfactory - Setting up chrome binary completed
2023-Dec-02 21:31:59 PM [main] INFO  com.assignmentdemo.webdriver.WebDriverfactory - Chrome Browser invoked
2023-Dec-02 21:31:59 PM [main] INFO  com.assignmentdemo.webdriver.WebDriverfactory - Driver maximized and implicit time out set to 20 seconds
